(index):64 cdn.tailwindcss.com should not be used in production. To use Tailwind CSS in production, install it as a PostCSS plugin or use the Tailwind CLI: https://tailwindcss.com/docs/installation
(anonymous) @ (index):64
client:789 [vite] connecting...
react-dom_client.js?v=d9ad38ac:20103 Download the React DevTools for a better development experience: https://react.dev/link/react-devtools
App.tsx:97 Auth state changed: Object
App.tsx:149 No supabase user, clearing state
client:912 [vite] connected.
:3000/favicon.ico:1 
        
        
       Failed to load resource: the server responded with a status of 404 (Not Found)
authService.ts:72 
        
        
       POST https://hwiedyjigmsktgzjzgaw.supabase.co/auth/v1/token?grant_type=password 400 (Bad Request)
(anonymous) @ @supabase_supabase-js.js?v=d9ad38ac:8147
_handleRequest3 @ @supabase_supabase-js.js?v=d9ad38ac:8242
_request @ @supabase_supabase-js.js?v=d9ad38ac:8232
signInWithPassword @ @supabase_supabase-js.js?v=d9ad38ac:10073
signIn @ authService.ts:72
handleSubmit @ Login.tsx:56
executeDispatch @ react-dom_client.js?v=d9ad38ac:13622
runWithFiberInDEV @ react-dom_client.js?v=d9ad38ac:997
processDispatchQueue @ react-dom_client.js?v=d9ad38ac:13658
(anonymous) @ react-dom_client.js?v=d9ad38ac:14071
batchedUpdates$1 @ react-dom_client.js?v=d9ad38ac:2626
dispatchEventForPluginEventSystem @ react-dom_client.js?v=d9ad38ac:13763
dispatchEvent @ react-dom_client.js?v=d9ad38ac:16784
dispatchDiscreteEvent @ react-dom_client.js?v=d9ad38ac:16765
Show 12 more frames
Show less
App.tsx:97 Auth state changed: {hasUser: true, hasProfile: true, userId: 'f29f0e56-af16-4a73-b4dc-0ae04426a815'}
App.tsx:144 Setting user: Admin
userManagementService.ts:510 getCurrentProfile: Starting...
userManagementService.ts:531 getCurrentProfile: Got user from localStorage f29f0e56-af16-4a73-b4dc-0ae04426a815
userManagementService.ts:560 getCurrentProfile: Fetching profile for user f29f0e56-af16-4a73-b4dc-0ae04426a815
UserProfile.tsx:60 loadProfile: Already loading, skipping...
userManagementService.ts:575 getCurrentProfile: Query result {error: null, data: {…}, count: null, status: 200, statusText: ''}
userManagementService.ts:590 getCurrentProfile: Success
userManagementService.ts:510 getCurrentProfile: Starting...
userManagementService.ts:531 getCurrentProfile: Got user from localStorage f29f0e56-af16-4a73-b4dc-0ae04426a815
userManagementService.ts:560 getCurrentProfile: Fetching profile for user f29f0e56-af16-4a73-b4dc-0ae04426a815
UserProfile.tsx:60 loadProfile: Already loading, skipping...
userManagementService.ts:211 Get stats error: Error: Timeout fetching stats
    at userManagementService.ts:37:41
getStats @ userManagementService.ts:211
await in getStats (async)
loadStats @ AdminDashboard.tsx:27
executeDispatch @ react-dom_client.js?v=d9ad38ac:13622
runWithFiberInDEV @ react-dom_client.js?v=d9ad38ac:997
processDispatchQueue @ react-dom_client.js?v=d9ad38ac:13658
(anonymous) @ react-dom_client.js?v=d9ad38ac:14071
batchedUpdates$1 @ react-dom_client.js?v=d9ad38ac:2626
dispatchEventForPluginEventSystem @ react-dom_client.js?v=d9ad38ac:13763
dispatchEvent @ react-dom_client.js?v=d9ad38ac:16784
dispatchDiscreteEvent @ react-dom_client.js?v=d9ad38ac:16765
<button> (async)
exports.jsxDEV @ react_jsx-dev-runtime.js?v=d9ad38ac:247
AdminDashboard @ AdminDashboard.tsx:124
react_stack_bottom_frame @ react-dom_client.js?v=d9ad38ac:18509
renderWithHooksAgain @ react-dom_client.js?v=d9ad38ac:5729
renderWithHooks @ react-dom_client.js?v=d9ad38ac:5665
updateFunctionComponent @ react-dom_client.js?v=d9ad38ac:7475
beginWork @ react-dom_client.js?v=d9ad38ac:8525
runWithFiberInDEV @ react-dom_client.js?v=d9ad38ac:997
performUnitOfWork @ react-dom_client.js?v=d9ad38ac:12561
workLoopSync @ react-dom_client.js?v=d9ad38ac:12424
renderRootSync @ react-dom_client.js?v=d9ad38ac:12408
performWorkOnRoot @ react-dom_client.js?v=d9ad38ac:11766
performSyncWorkOnRoot @ react-dom_client.js?v=d9ad38ac:13517
flushSyncWorkAcrossRoots_impl @ react-dom_client.js?v=d9ad38ac:13414
processRootScheduleInMicrotask @ react-dom_client.js?v=d9ad38ac:13437
(anonymous) @ react-dom_client.js?v=d9ad38ac:13531
<AdminDashboard> (async)
exports.jsxDEV @ react_jsx-dev-runtime.js?v=d9ad38ac:247
renderContent @ App.tsx:217
App @ App.tsx:251
react_stack_bottom_frame @ react-dom_client.js?v=d9ad38ac:18509
renderWithHooksAgain @ react-dom_client.js?v=d9ad38ac:5729
renderWithHooks @ react-dom_client.js?v=d9ad38ac:5665
updateFunctionComponent @ react-dom_client.js?v=d9ad38ac:7475
beginWork @ react-dom_client.js?v=d9ad38ac:8525
runWithFiberInDEV @ react-dom_client.js?v=d9ad38ac:997
performUnitOfWork @ react-dom_client.js?v=d9ad38ac:12561
workLoopSync @ react-dom_client.js?v=d9ad38ac:12424
renderRootSync @ react-dom_client.js?v=d9ad38ac:12408
performWorkOnRoot @ react-dom_client.js?v=d9ad38ac:11766
performSyncWorkOnRoot @ react-dom_client.js?v=d9ad38ac:13517
flushSyncWorkAcrossRoots_impl @ react-dom_client.js?v=d9ad38ac:13414
processRootScheduleInMicrotask @ react-dom_client.js?v=d9ad38ac:13437
(anonymous) @ react-dom_client.js?v=d9ad38ac:13531
Show 38 more frames
Show less
userManagementService.ts:593 Get current profile error: Error: Database query timeout
    at userManagementService.ts:37:41
getCurrentProfile @ userManagementService.ts:593
await in getCurrentProfile (async)
loadProfile @ UserProfile.tsx:81
(anonymous) @ UserProfile.tsx:53
react_stack_bottom_frame @ react-dom_client.js?v=d9ad38ac:18567
runWithFiberInDEV @ react-dom_client.js?v=d9ad38ac:997
commitHookEffectListMount @ react-dom_client.js?v=d9ad38ac:9411
commitHookPassiveMountEffects @ react-dom_client.js?v=d9ad38ac:9465
commitPassiveMountOnFiber @ react-dom_client.js?v=d9ad38ac:11040
recursivelyTraversePassiveMountEffects @ react-dom_client.js?v=d9ad38ac:11010
commitPassiveMountOnFiber @ react-dom_client.js?v=d9ad38ac:11201
recursivelyTraversePassiveMountEffects @ react-dom_client.js?v=d9ad38ac:11010
commitPassiveMountOnFiber @ react-dom_client.js?v=d9ad38ac:11201
recursivelyTraversePassiveMountEffects @ react-dom_client.js?v=d9ad38ac:11010
commitPassiveMountOnFiber @ react-dom_client.js?v=d9ad38ac:11033
recursivelyTraversePassiveMountEffects @ react-dom_client.js?v=d9ad38ac:11010
commitPassiveMountOnFiber @ react-dom_client.js?v=d9ad38ac:11201
recursivelyTraversePassiveMountEffects @ react-dom_client.js?v=d9ad38ac:11010
commitPassiveMountOnFiber @ react-dom_client.js?v=d9ad38ac:11066
flushPassiveEffects @ react-dom_client.js?v=d9ad38ac:13150
flushPendingEffects @ react-dom_client.js?v=d9ad38ac:13088
flushSpawnedWork @ react-dom_client.js?v=d9ad38ac:13062
commitRoot @ react-dom_client.js?v=d9ad38ac:12804
commitRootWhenReady @ react-dom_client.js?v=d9ad38ac:12016
performWorkOnRoot @ react-dom_client.js?v=d9ad38ac:11950
performSyncWorkOnRoot @ react-dom_client.js?v=d9ad38ac:13517
flushSyncWorkAcrossRoots_impl @ react-dom_client.js?v=d9ad38ac:13414
processRootScheduleInMicrotask @ react-dom_client.js?v=d9ad38ac:13437
(anonymous) @ react-dom_client.js?v=d9ad38ac:13531
<UserProfile> (async)
exports.jsxDEV @ react_jsx-dev-runtime.js?v=d9ad38ac:247
renderContent @ App.tsx:222
App @ App.tsx:251
react_stack_bottom_frame @ react-dom_client.js?v=d9ad38ac:18509
renderWithHooksAgain @ react-dom_client.js?v=d9ad38ac:5729
renderWithHooks @ react-dom_client.js?v=d9ad38ac:5665
updateFunctionComponent @ react-dom_client.js?v=d9ad38ac:7475
beginWork @ react-dom_client.js?v=d9ad38ac:8525
runWithFiberInDEV @ react-dom_client.js?v=d9ad38ac:997
performUnitOfWork @ react-dom_client.js?v=d9ad38ac:12561
workLoopSync @ react-dom_client.js?v=d9ad38ac:12424
renderRootSync @ react-dom_client.js?v=d9ad38ac:12408
performWorkOnRoot @ react-dom_client.js?v=d9ad38ac:11766
performSyncWorkOnRoot @ react-dom_client.js?v=d9ad38ac:13517
flushSyncWorkAcrossRoots_impl @ react-dom_client.js?v=d9ad38ac:13414
processRootScheduleInMicrotask @ react-dom_client.js?v=d9ad38ac:13437
(anonymous) @ react-dom_client.js?v=d9ad38ac:13531
Show 40 more frames
Show less
